<?xml version="1.0" encoding="UTF-8"?>
<!-- Generated by org.testng.reporters.JUnitReportReporter -->
<testsuite hostname="PC-20180402VELL" failures="0" tests="1" name="classAction.DoubleClickTest" time="3.636" errors="0" timestamp="2021-07-14T19:04:29 EDT" skipped="0">
  <testcase classname="classAction.DoubleClickTest" name="clickTest" time="3.636"/>
  <system-out/>
</testsuite> <!-- classAction.DoubleClickTest -->
