<?xml version="1.0" encoding="UTF-8"?>
<!-- Generated by org.testng.reporters.JUnitReportReporter -->
<testsuite hostname="PC-20180402VELL" failures="0" tests="1" name="classAction.homePageTest" time="8.210" errors="0" timestamp="2021-07-14T20:31:51 EDT" skipped="0">
  <testcase classname="classAction.homePageTest" name="moveToTest" time="8.210"/>
  <system-out/>
</testsuite> <!-- classAction.homePageTest -->
