<?xml version="1.0" encoding="UTF-8"?>
<!-- Generated by org.testng.reporters.JUnitReportReporter -->
<testsuite hostname="PC-20180402VELL" failures="0" tests="1" name="classAction.ContextClickTest" time="5.407" errors="0" timestamp="2021-07-14T18:51:55 EDT" skipped="0">
  <testcase classname="classAction.ContextClickTest" name="clickTest" time="5.407"/>
  <system-out/>
</testsuite> <!-- classAction.ContextClickTest -->
