<?xml version="1.0" encoding="UTF-8"?>
<!-- Generated by org.testng.reporters.JUnitReportReporter -->
<testsuite hostname="PC-20180402VELL" failures="0" tests="1" name="classAction.OpenNewPageTest" time="4.568" errors="0" timestamp="2021-07-14T20:05:29 EDT" skipped="0">
  <testcase classname="classAction.OpenNewPageTest" name="moveToTest" time="4.568"/>
  <system-out/>
</testsuite> <!-- classAction.OpenNewPageTest -->
