<?xml version="1.0" encoding="UTF-8"?>
<!-- Generated by org.testng.reporters.JUnitReportReporter -->
<testsuite hostname="PC-20180402VELL" failures="0" tests="1" name="classAction.MoveToTest" time="11.075" errors="0" timestamp="2021-07-14T19:47:12 EDT" skipped="0">
  <testcase classname="classAction.MoveToTest" name="moveToTest" time="11.075"/>
  <system-out/>
</testsuite> <!-- classAction.MoveToTest -->
