<?xml version="1.0" encoding="UTF-8"?>
<!-- Generated by org.testng.reporters.JUnitReportReporter -->
<testsuite hostname="PC-20180402VELL" failures="0" tests="1" name="classAction.DragDropTest" time="4.561" errors="0" timestamp="2021-07-14T19:33:40 EDT" skipped="0">
  <testcase classname="classAction.DragDropTest" name="dragDropTest2" time="4.561"/>
  <system-out/>
</testsuite> <!-- classAction.DragDropTest -->
