<?xml version="1.0" encoding="UTF-8"?>
<!-- Generated by org.testng.reporters.JUnitReportReporter -->
<testsuite skipped="0" hostname="PC-20180402VELL" name="classAction.ContextClickTest" tests="1" failures="0" timestamp="2021-07-14T21:06:45 EDT" time="3.584" errors="0">
  <testcase name="clickTest" time="3.584" classname="classAction.ContextClickTest"/>
  <system-out/>
</testsuite> <!-- classAction.ContextClickTest -->
